app/build/intermediates/manifest_merge_blame_file/debug/manifest-merger-blame-debug-report.txt
1<?xml version="1.0" encoding="utf-8"?>
2<manifest xmlns:android="http://schemas.android.com/apk/res/android"
3    package="com.example.myapplication"
4    android:versionCode="1"
5    android:versionName="1.0" >
6
7    <uses-sdk
8        android:minSdkVersion="26"
8-->src\main\AndroidManifest.xml
9        android:targetSdkVersion="34" />
9-->src\main\AndroidManifest.xml
10
11    <uses-feature
11-->src\main\AndroidManifest.xml:4:5-6:35
12        android:name="android.hardware.bluetooth_le"
12-->src\main\AndroidManifest.xml:5:9-53
13        android:required="true" />
13-->src\main\AndroidManifest.xml:6:9-32
14
15    <uses-permission android:name="android.permission.BLUETOOTH" />
15-->src\main\AndroidManifest.xml:8:5-68
15-->src\main\AndroidManifest.xml:8:22-65
16    <uses-permission android:name="android.permission.BLUETOOTH_ADMIN" />
16-->src\main\AndroidManifest.xml:9:5-74
16-->src\main\AndroidManifest.xml:9:22-71
17    <uses-permission android:name="android.permission.BLUETOOTH_ADVERTISE" />
17-->src\main\AndroidManifest.xml:10:5-78
17-->src\main\AndroidManifest.xml:10:22-75
18    <uses-permission android:name="android.permission.BLUETOOTH_SCAN" />
18-->src\main\AndroidManifest.xml:11:5-73
18-->src\main\AndroidManifest.xml:11:22-70
19    <uses-permission android:name="android.permission.BLUETOOTH_CONNECT" />
19-->src\main\AndroidManifest.xml:12:5-76
19-->src\main\AndroidManifest.xml:12:22-73
20
21    <!-- 这个权限用于获取wifi的获取权限，wifi信息会用来进行网络定位 -->
22    <uses-permission android:name="android.permission.CHANGE_WIFI_STATE" />
22-->src\main\AndroidManifest.xml:15:5-92
22-->src\main\AndroidManifest.xml:15:22-73
23    <!-- 相机权限 -->
24    <uses-permission android:name="android.permission.CAMERA" />
24-->src\main\AndroidManifest.xml:17:5-65
24-->src\main\AndroidManifest.xml:17:22-62
25    <!-- 使用特性 -->
26    <uses-feature android:name="android.hardware.camera" />
26-->src\main\AndroidManifest.xml:19:5-60
26-->src\main\AndroidManifest.xml:19:19-57
27    <uses-feature android:name="android.hardware.camera.autofocus" />
27-->src\main\AndroidManifest.xml:20:5-70
27-->src\main\AndroidManifest.xml:20:19-67
28    <uses-feature
28-->src\main\AndroidManifest.xml:21:5-23:36
29        android:name="android.hardware.telephony"
29-->src\main\AndroidManifest.xml:22:9-50
30        android:required="false" />
30-->src\main\AndroidManifest.xml:23:9-33
31    <!-- 震动权限 -->
32    <uses-permission android:name="android.permission.VIBRATE" />
32-->src\main\AndroidManifest.xml:25:5-66
32-->src\main\AndroidManifest.xml:25:22-63
33    <!-- 读写设计存储权限 -->
34    <uses-permission android:name="android.permission.READ_EXTERNAL_STORAGE" />
34-->src\main\AndroidManifest.xml:27:5-80
34-->src\main\AndroidManifest.xml:27:22-77
35    <uses-permission android:name="android.permission.WRITE_EXTERNAL_STORAGE" />
35-->src\main\AndroidManifest.xml:28:5-81
35-->src\main\AndroidManifest.xml:28:22-78
36    <uses-permission android:name="android.permission.WAKE_LOCK" />
36-->src\main\AndroidManifest.xml:29:5-68
36-->src\main\AndroidManifest.xml:29:22-65
37    <uses-permission android:name="android.permission.ACCELEROMETER" />
37-->src\main\AndroidManifest.xml:30:5-72
37-->src\main\AndroidManifest.xml:30:22-69
38    <uses-permission android:name="android.permission.READ_PHONE_STATE" />
38-->src\main\AndroidManifest.xml:31:5-75
38-->src\main\AndroidManifest.xml:31:22-72
39    <uses-permission android:name="android.permission.READ_MEDIA_IMAGES" />
39-->src\main\AndroidManifest.xml:32:5-76
39-->src\main\AndroidManifest.xml:32:22-73
40    <uses-permission android:name="android.permission.READ_MEDIA_VIDEO" />
40-->src\main\AndroidManifest.xml:33:5-75
40-->src\main\AndroidManifest.xml:33:22-72
41    <uses-permission android:name="android.permission.READ_MEDIA_AUDIO" />
41-->src\main\AndroidManifest.xml:34:5-75
41-->src\main\AndroidManifest.xml:34:22-72
42    <uses-permission android:name="android.permission.MANAGE_DOCUMENTS" />
42-->src\main\AndroidManifest.xml:35:5-37:47
42-->src\main\AndroidManifest.xml:36:9-59
43    <!-- 这个权限用于进行网络定位 -->
44    <uses-permission android:name="android.permission.ACCESS_WIFI_STATE" /> <!-- 获取网络状态，根据网络状态切换进行数据请求网络转换 -->
44-->src\main\AndroidManifest.xml:39:5-76
44-->src\main\AndroidManifest.xml:39:22-73
45    <!-- 读写设计存储权限 -->
46    <!-- Android11新增 -->
47    <uses-permission android:name="android.permission.MANAGE_EXTERNAL_STORAGE" />
47-->src\main\AndroidManifest.xml:42:5-82
47-->src\main\AndroidManifest.xml:42:22-79
48    <!-- 必须加这个权限，不然会导致读条结束后安装包不启动 -->
49    <uses-permission android:name="android.permission.REQUEST_INSTALL_PACKAGES" />
49-->src\main\AndroidManifest.xml:44:5-83
49-->src\main\AndroidManifest.xml:44:22-80
50    <uses-permission android:name="android.permission.INTERNET" /> <!-- 位置权限 -->
50-->src\main\AndroidManifest.xml:45:5-67
50-->src\main\AndroidManifest.xml:45:22-64
51    <!-- Android 10以上系统，需要ACCESS_FINE_LOCATION -->
52    <uses-permission android:name="android.permission.ACCESS_FINE_LOCATION" /> <!-- Android 9以及以下系统，需要ACCESS_FINE_LOCATION -->
52-->src\main\AndroidManifest.xml:47:5-79
52-->src\main\AndroidManifest.xml:47:22-76
53    <uses-permission android:name="android.permission.ACCESS_COARSE_LOCATION" />
53-->src\main\AndroidManifest.xml:48:5-81
53-->src\main\AndroidManifest.xml:48:22-78
54    <uses-permission android:name="android.permission.ACCESS_BACKGROUND_LOCATION" />
54-->src\main\AndroidManifest.xml:49:5-85
54-->src\main\AndroidManifest.xml:49:22-82
55    <uses-permission android:name="android.permission.FOREGROUND_SERVICE" />
55-->src\main\AndroidManifest.xml:50:5-77
55-->src\main\AndroidManifest.xml:50:22-74
56    <uses-permission android:name="android.permission.ACCESS_NETWORK_STATE" />
56-->src\main\AndroidManifest.xml:51:5-79
56-->src\main\AndroidManifest.xml:51:22-76
57    <uses-permission android:name="android.permission.CALL_PHONE" />
57-->src\main\AndroidManifest.xml:53:5-69
57-->src\main\AndroidManifest.xml:53:22-66
58    <uses-permission android:name="android.permission.USE_BIOMETRIC" />
58-->src\main\AndroidManifest.xml:55:5-72
58-->src\main\AndroidManifest.xml:55:22-69
59    <uses-permission android:name="android.permission.SEND_SMS" />
59-->src\main\AndroidManifest.xml:56:5-67
59-->src\main\AndroidManifest.xml:56:22-64
60
61    <!-- 管理所有文件权限 -->
62    <uses-permission android:name="android.permission.MANAGE_EXTERNAL_STORAGE" />
62-->src\main\AndroidManifest.xml:42:5-82
62-->src\main\AndroidManifest.xml:42:22-79
63
64    <!-- suppress DeprecatedClassUsageInspection -->
65    <uses-permission android:name="android.permission.USE_FINGERPRINT" />
65-->[androidx.biometric:biometric:1.2.0-alpha04] AndroidManifest.xml:27:5-74
65-->[androidx.biometric:biometric:1.2.0-alpha04] AndroidManifest.xml:27:22-71
66
67    <permission
67-->[androidx.core:core:1.9.0] AndroidManifest.xml:22:5-24:47
68        android:name="com.example.myapplication.DYNAMIC_RECEIVER_NOT_EXPORTED_PERMISSION"
68-->[androidx.core:core:1.9.0] AndroidManifest.xml:23:9-81
69        android:protectionLevel="signature" />
69-->[androidx.core:core:1.9.0] AndroidManifest.xml:24:9-44
70
71    <uses-permission android:name="com.example.myapplication.DYNAMIC_RECEIVER_NOT_EXPORTED_PERMISSION" />
71-->[androidx.core:core:1.9.0] AndroidManifest.xml:26:5-97
71-->[androidx.core:core:1.9.0] AndroidManifest.xml:26:22-94
72
73    <queries>
73-->[com.huawei.hms:dynamic-api:1.0.24.300] AndroidManifest.xml:11:5-16:15
74        <package android:name="com.huawei.hff" />
74-->[com.huawei.hms:dynamic-api:1.0.24.300] AndroidManifest.xml:12:9-50
74-->[com.huawei.hms:dynamic-api:1.0.24.300] AndroidManifest.xml:12:18-47
75        <package android:name="com.huawei.hms" />
75-->[com.huawei.hms:dynamic-api:1.0.24.300] AndroidManifest.xml:13:9-50
75-->[com.huawei.hms:dynamic-api:1.0.24.300] AndroidManifest.xml:13:18-47
76        <package android:name="com.huawei.hwid" />
76-->[com.huawei.hms:dynamic-api:1.0.24.300] AndroidManifest.xml:14:9-51
76-->[com.huawei.hms:dynamic-api:1.0.24.300] AndroidManifest.xml:14:18-48
77        <package android:name="com.huawei.hwid.tv" />
77-->[com.huawei.hms:dynamic-api:1.0.24.300] AndroidManifest.xml:15:9-54
77-->[com.huawei.hms:dynamic-api:1.0.24.300] AndroidManifest.xml:15:18-51
78        <package android:name="com.huawei.works" />
78-->[com.huawei.hms:network-common:7.0.2.301] AndroidManifest.xml:12:9-52
78-->[com.huawei.hms:network-common:7.0.2.301] AndroidManifest.xml:12:18-49
79    </queries>
80
81    <application
81-->src\main\AndroidManifest.xml:63:5-94:19
82        android:name="com.example.myapplication.application.MyApplication"
82-->src\main\AndroidManifest.xml:73:9-50
83        android:allowBackup="true"
83-->src\main\AndroidManifest.xml:64:9-35
84        android:appComponentFactory="androidx.core.app.CoreComponentFactory"
84-->[androidx.core:core:1.9.0] AndroidManifest.xml:28:18-86
85        android:dataExtractionRules="@xml/data_extraction_rules"
85-->src\main\AndroidManifest.xml:65:9-65
86        android:debuggable="true"
87        android:extractNativeLibs="false"
88        android:fullBackupContent="@xml/backup_rules"
88-->src\main\AndroidManifest.xml:66:9-54
89        android:icon="@mipmap/ic_launcher"
89-->src\main\AndroidManifest.xml:67:9-43
90        android:label="@string/app_name"
90-->src\main\AndroidManifest.xml:68:9-41
91        android:requestLegacyExternalStorage="true"
91-->src\main\AndroidManifest.xml:74:9-52
92        android:roundIcon="@mipmap/ic_launcher_round"
92-->src\main\AndroidManifest.xml:69:9-54
93        android:supportsRtl="true"
93-->src\main\AndroidManifest.xml:70:9-35
94        android:theme="@style/Theme.MyApplication"
94-->src\main\AndroidManifest.xml:71:9-51
95        android:usesCleartextTraffic="true" >
95-->src\main\AndroidManifest.xml:72:9-44
96        <activity
96-->src\main\AndroidManifest.xml:76:9-83:20
97            android:name="com.example.myapplication.activity.FirstActivity"
97-->src\main\AndroidManifest.xml:77:13-51
98            android:exported="true" >
98-->src\main\AndroidManifest.xml:78:13-36
99            <intent-filter>
99-->src\main\AndroidManifest.xml:79:13-82:29
100                <action android:name="android.intent.action.MAIN" />
100-->src\main\AndroidManifest.xml:80:17-69
100-->src\main\AndroidManifest.xml:80:25-66
101
102                <category android:name="android.intent.category.LAUNCHER" />
102-->src\main\AndroidManifest.xml:81:17-77
102-->src\main\AndroidManifest.xml:81:27-74
103            </intent-filter>
104        </activity>
105        <activity android:name="com.example.myapplication.activity.WebViewActivity" />
105-->src\main\AndroidManifest.xml:84:9-71
105-->src\main\AndroidManifest.xml:84:19-59
106        <activity android:name="com.example.myapplication.activity.LaunchActivity" />
106-->src\main\AndroidManifest.xml:85:9-70
106-->src\main\AndroidManifest.xml:85:19-58
107        <activity android:name="com.example.myapplication.MainActivity" />
107-->src\main\AndroidManifest.xml:86:9-59
107-->src\main\AndroidManifest.xml:86:19-47
108
109        <service android:name="com.example.myapplication.service.BleService" />
109-->src\main\AndroidManifest.xml:87:9-54
109-->src\main\AndroidManifest.xml:87:18-52
110
111        <activity
111-->src\main\AndroidManifest.xml:88:9-78
112            android:name="com.huawei.hms.hmsscankit.ScanKitActivity"
112-->src\main\AndroidManifest.xml:88:19-75
113            android:configChanges="orientation|navigation|screenSize|smallestScreenSize|screenLayout|uiMode"
113-->[com.huawei.hms:scanplus:2.12.0.300] AndroidManifest.xml:28:13-109
114            android:launchMode="singleTask" />
114-->[com.huawei.hms:scanplus:2.12.0.300] AndroidManifest.xml:29:13-44
115        <activity android:name="com.example.myapplication.activity.OcrActivity" />
115-->src\main\AndroidManifest.xml:89:9-57
115-->src\main\AndroidManifest.xml:89:19-55
116        <activity
116-->src\main\AndroidManifest.xml:90:9-92:59
117            android:name="com.theartofdev.edmodo.cropper.CropImageActivity"
117-->src\main\AndroidManifest.xml:91:13-76
118            android:theme="@style/Base.Theme.AppCompat" /> <!-- optional (needed if default theme has no action bar) -->
118-->src\main\AndroidManifest.xml:92:13-56
119        <service android:name="com.example.myapplication.service.GpsService" />
119-->src\main\AndroidManifest.xml:93:9-54
119-->src\main\AndroidManifest.xml:93:18-52
120        <service
120-->[com.google.android.gms:play-services-mlkit-text-recognition-common:19.1.0] AndroidManifest.xml:9:9-15:19
121            android:name="com.google.mlkit.common.internal.MlKitComponentDiscoveryService"
121-->[com.google.android.gms:play-services-mlkit-text-recognition-common:19.1.0] AndroidManifest.xml:10:13-91
122            android:directBootAware="true"
122-->[com.google.mlkit:common:18.11.0] AndroidManifest.xml:17:13-43
123            android:exported="false" >
123-->[com.google.android.gms:play-services-mlkit-text-recognition-common:19.1.0] AndroidManifest.xml:11:13-37
124            <meta-data
124-->[com.google.android.gms:play-services-mlkit-text-recognition-common:19.1.0] AndroidManifest.xml:12:13-14:85
125                android:name="com.google.firebase.components:com.google.mlkit.vision.text.internal.TextRegistrar"
125-->[com.google.android.gms:play-services-mlkit-text-recognition-common:19.1.0] AndroidManifest.xml:13:17-114
126                android:value="com.google.firebase.components.ComponentRegistrar" />
126-->[com.google.android.gms:play-services-mlkit-text-recognition-common:19.1.0] AndroidManifest.xml:14:17-82
127            <meta-data
127-->[com.google.mlkit:vision-common:17.3.0] AndroidManifest.xml:12:13-14:85
128                android:name="com.google.firebase.components:com.google.mlkit.vision.common.internal.VisionCommonRegistrar"
128-->[com.google.mlkit:vision-common:17.3.0] AndroidManifest.xml:13:17-124
129                android:value="com.google.firebase.components.ComponentRegistrar" />
129-->[com.google.mlkit:vision-common:17.3.0] AndroidManifest.xml:14:17-82
130            <meta-data
130-->[com.google.mlkit:common:18.11.0] AndroidManifest.xml:20:13-22:85
131                android:name="com.google.firebase.components:com.google.mlkit.common.internal.CommonComponentRegistrar"
131-->[com.google.mlkit:common:18.11.0] AndroidManifest.xml:21:17-120
132                android:value="com.google.firebase.components.ComponentRegistrar" />
132-->[com.google.mlkit:common:18.11.0] AndroidManifest.xml:22:17-82
133        </service>
134
135        <provider
135-->[com.google.mlkit:common:18.11.0] AndroidManifest.xml:9:9-13:38
136            android:name="com.google.mlkit.common.internal.MlKitInitProvider"
136-->[com.google.mlkit:common:18.11.0] AndroidManifest.xml:10:13-78
137            android:authorities="com.example.myapplication.mlkitinitprovider"
137-->[com.google.mlkit:common:18.11.0] AndroidManifest.xml:11:13-69
138            android:exported="false"
138-->[com.google.mlkit:common:18.11.0] AndroidManifest.xml:12:13-37
139            android:initOrder="99" />
139-->[com.google.mlkit:common:18.11.0] AndroidManifest.xml:13:13-35
140
141        <activity
141-->[com.google.android.gms:play-services-base:18.5.0] AndroidManifest.xml:5:9-173
142            android:name="com.google.android.gms.common.api.GoogleApiActivity"
142-->[com.google.android.gms:play-services-base:18.5.0] AndroidManifest.xml:5:19-85
143            android:exported="false"
143-->[com.google.android.gms:play-services-base:18.5.0] AndroidManifest.xml:5:146-170
144            android:theme="@android:style/Theme.Translucent.NoTitleBar" />
144-->[com.google.android.gms:play-services-base:18.5.0] AndroidManifest.xml:5:86-145
145
146        <meta-data
146-->[com.google.android.gms:play-services-basement:18.4.0] AndroidManifest.xml:6:9-122
147            android:name="com.google.android.gms.version"
147-->[com.google.android.gms:play-services-basement:18.4.0] AndroidManifest.xml:6:20-65
148            android:value="@integer/google_play_services_version" />
148-->[com.google.android.gms:play-services-basement:18.4.0] AndroidManifest.xml:6:66-119
149        <meta-data
149-->[com.huawei.hms:scanplus:2.12.0.300] AndroidManifest.xml:10:9-12:40
150            android:name="huawei_module_scankit_local"
150-->[com.huawei.hms:scanplus:2.12.0.300] AndroidManifest.xml:11:13-55
151            android:value="21200300" />
151-->[com.huawei.hms:scanplus:2.12.0.300] AndroidManifest.xml:12:13-37
152        <meta-data
152-->[com.huawei.hms:scanplus:2.12.0.300] AndroidManifest.xml:13:9-15:51
153            android:name="huawei_module_scankit_sdk_version"
153-->[com.huawei.hms:scanplus:2.12.0.300] AndroidManifest.xml:14:13-61
154            android:value="scanplus:2.12.0.300" />
154-->[com.huawei.hms:scanplus:2.12.0.300] AndroidManifest.xml:15:13-48
155        <meta-data
155-->[com.huawei.hms:scanplus:2.12.0.300] AndroidManifest.xml:16:9-18:51
156            android:name="com.huawei.hms.client.service.name:scanplus"
156-->[com.huawei.hms:scanplus:2.12.0.300] AndroidManifest.xml:17:13-71
157            android:value="scanplus:2.12.0.300" />
157-->[com.huawei.hms:scanplus:2.12.0.300] AndroidManifest.xml:18:13-48
158        <meta-data
158-->[com.huawei.hms:scanplus:2.12.0.300] AndroidManifest.xml:19:9-21:33
159            android:name="com.huawei.hms.min_api_level:scanplus:huawei_module_scankit"
159-->[com.huawei.hms:scanplus:2.12.0.300] AndroidManifest.xml:20:13-87
160            android:value="1" />
160-->[com.huawei.hms:scanplus:2.12.0.300] AndroidManifest.xml:21:13-30
161        <meta-data
161-->[com.huawei.hms:scanplus:2.12.0.300] AndroidManifest.xml:22:9-24:33
162            android:name="com.huawei.hms.min_api_level:scanplus:hmscore"
162-->[com.huawei.hms:scanplus:2.12.0.300] AndroidManifest.xml:23:13-73
163            android:value="1" />
163-->[com.huawei.hms:scanplus:2.12.0.300] AndroidManifest.xml:24:13-30
164
165        <uses-library
165-->[androidx.window:window:1.0.0] AndroidManifest.xml:25:9-27:40
166            android:name="androidx.window.extensions"
166-->[androidx.window:window:1.0.0] AndroidManifest.xml:26:13-54
167            android:required="false" />
167-->[androidx.window:window:1.0.0] AndroidManifest.xml:27:13-37
168        <uses-library
168-->[androidx.window:window:1.0.0] AndroidManifest.xml:28:9-30:40
169            android:name="androidx.window.sidecar"
169-->[androidx.window:window:1.0.0] AndroidManifest.xml:29:13-51
170            android:required="false" />
170-->[androidx.window:window:1.0.0] AndroidManifest.xml:30:13-37
171
172        <provider
172-->[androidx.emoji2:emoji2:1.2.0] AndroidManifest.xml:24:9-32:20
173            android:name="androidx.startup.InitializationProvider"
173-->[androidx.emoji2:emoji2:1.2.0] AndroidManifest.xml:25:13-67
174            android:authorities="com.example.myapplication.androidx-startup"
174-->[androidx.emoji2:emoji2:1.2.0] AndroidManifest.xml:26:13-68
175            android:exported="false" >
175-->[androidx.emoji2:emoji2:1.2.0] AndroidManifest.xml:27:13-37
176            <meta-data
176-->[androidx.emoji2:emoji2:1.2.0] AndroidManifest.xml:29:13-31:52
177                android:name="androidx.emoji2.text.EmojiCompatInitializer"
177-->[androidx.emoji2:emoji2:1.2.0] AndroidManifest.xml:30:17-75
178                android:value="androidx.startup" />
178-->[androidx.emoji2:emoji2:1.2.0] AndroidManifest.xml:31:17-49
179            <meta-data
179-->[androidx.lifecycle:lifecycle-process:2.4.1] AndroidManifest.xml:31:13-33:52
180                android:name="androidx.lifecycle.ProcessLifecycleInitializer"
180-->[androidx.lifecycle:lifecycle-process:2.4.1] AndroidManifest.xml:32:17-78
181                android:value="androidx.startup" />
181-->[androidx.lifecycle:lifecycle-process:2.4.1] AndroidManifest.xml:33:17-49
182        </provider>
183
184        <service
184-->[com.google.android.datatransport:transport-backend-cct:2.3.3] AndroidManifest.xml:29:9-35:19
185            android:name="com.google.android.datatransport.runtime.backends.TransportBackendDiscovery"
185-->[com.google.android.datatransport:transport-backend-cct:2.3.3] AndroidManifest.xml:30:13-103
186            android:exported="false" >
186-->[com.google.android.datatransport:transport-backend-cct:2.3.3] AndroidManifest.xml:31:13-37
187            <meta-data
187-->[com.google.android.datatransport:transport-backend-cct:2.3.3] AndroidManifest.xml:32:13-34:39
188                android:name="backend:com.google.android.datatransport.cct.CctBackendFactory"
188-->[com.google.android.datatransport:transport-backend-cct:2.3.3] AndroidManifest.xml:33:17-94
189                android:value="cct" />
189-->[com.google.android.datatransport:transport-backend-cct:2.3.3] AndroidManifest.xml:34:17-36
190        </service>
191        <service
191-->[com.google.android.datatransport:transport-runtime:2.2.6] AndroidManifest.xml:26:9-30:19
192            android:name="com.google.android.datatransport.runtime.scheduling.jobscheduling.JobInfoSchedulerService"
192-->[com.google.android.datatransport:transport-runtime:2.2.6] AndroidManifest.xml:27:13-117
193            android:exported="false"
193-->[com.google.android.datatransport:transport-runtime:2.2.6] AndroidManifest.xml:28:13-37
194            android:permission="android.permission.BIND_JOB_SERVICE" >
194-->[com.google.android.datatransport:transport-runtime:2.2.6] AndroidManifest.xml:29:13-69
195        </service>
196
197        <receiver
197-->[com.google.android.datatransport:transport-runtime:2.2.6] AndroidManifest.xml:32:9-34:40
198            android:name="com.google.android.datatransport.runtime.scheduling.jobscheduling.AlarmManagerSchedulerBroadcastReceiver"
198-->[com.google.android.datatransport:transport-runtime:2.2.6] AndroidManifest.xml:33:13-132
199            android:exported="false" />
199-->[com.google.android.datatransport:transport-runtime:2.2.6] AndroidManifest.xml:34:13-37
200
201        <meta-data
201-->[com.huawei.hms:dynamic-api:1.0.24.300] AndroidManifest.xml:19:9-21:54
202            android:name="com.huawei.hms.client.service.name:dynamic-api"
202-->[com.huawei.hms:dynamic-api:1.0.24.300] AndroidManifest.xml:20:13-74
203            android:value="dynamic-api:1.0.24.300" />
203-->[com.huawei.hms:dynamic-api:1.0.24.300] AndroidManifest.xml:21:13-51
204        <meta-data
204-->[com.huawei.hms:dynamic-api:1.0.24.300] AndroidManifest.xml:22:9-24:34
205            android:name="com.huawei.hms.min_api_level:dynamic-api:huawei_module_dynamicloader"
205-->[com.huawei.hms:dynamic-api:1.0.24.300] AndroidManifest.xml:23:13-96
206            android:value="10" />
206-->[com.huawei.hms:dynamic-api:1.0.24.300] AndroidManifest.xml:24:13-31
207
208        <provider
208-->[com.huawei.hms:ml-computer-sdkbase-inner:3.8.0.303] AndroidManifest.xml:13:9-16:40
209            android:name="com.huawei.hms.mlsdk.common.provider.MLInitializerProvider"
209-->[com.huawei.hms:ml-computer-sdkbase-inner:3.8.0.303] AndroidManifest.xml:14:13-86
210            android:authorities="com.example.myapplication.MLInitializerProvider"
210-->[com.huawei.hms:ml-computer-sdkbase-inner:3.8.0.303] AndroidManifest.xml:15:13-73
211            android:exported="false" />
211-->[com.huawei.hms:ml-computer-sdkbase-inner:3.8.0.303] AndroidManifest.xml:16:13-37
212        <provider
212-->[com.huawei.agconnect:agconnect-core:1.7.2.300] AndroidManifest.xml:11:9-14:40
213            android:name="com.huawei.agconnect.core.provider.AGConnectInitializeProvider"
213-->[com.huawei.agconnect:agconnect-core:1.7.2.300] AndroidManifest.xml:12:13-90
214            android:authorities="com.example.myapplication.AGCInitializeProvider"
214-->[com.huawei.agconnect:agconnect-core:1.7.2.300] AndroidManifest.xml:13:13-73
215            android:exported="false" />
215-->[com.huawei.agconnect:agconnect-core:1.7.2.300] AndroidManifest.xml:14:13-37
216
217        <service
217-->[com.huawei.agconnect:agconnect-core:1.7.2.300] AndroidManifest.xml:16:9-18:40
218            android:name="com.huawei.agconnect.core.ServiceDiscovery"
218-->[com.huawei.agconnect:agconnect-core:1.7.2.300] AndroidManifest.xml:17:13-70
219            android:exported="false" />
219-->[com.huawei.agconnect:agconnect-core:1.7.2.300] AndroidManifest.xml:18:13-37
220    </application>
221
222</manifest>